---------------------------------------------
ZomBerry v0.6.4 log started at 07.07.2024 08:15:21

07.07.2024 08:15:21 [ZomBerryCmdAPI]: INFO: Added category OnTarget
07.07.2024 08:15:21 [ZomBerryCmdAPI]: INFO: Added function TPCur to category OnTarget
07.07.2024 08:15:21 [ZomBerryCmdAPI]: INFO: Added function TPForward to category OnTarget
07.07.2024 08:15:21 [ZomBerryCmdAPI]: INFO: Added function TPToTarget to category OnTarget
07.07.2024 08:15:21 [ZomBerryCmdAPI]: INFO: Added function TPToAdmin to category OnTarget
07.07.2024 08:15:21 [ZomBerryCmdAPI]: INFO: Added function HealTarget to category OnTarget
07.07.2024 08:15:21 [ZomBerryCmdAPI]: INFO: Added function HealTargetPart to category OnTarget
07.07.2024 08:15:21 [ZomBerryCmdAPI]: INFO: Added function GodTarget to category OnTarget
07.07.2024 08:15:21 [ZomBerryCmdAPI]: INFO: Added function RepairTargetHands to category OnTarget
07.07.2024 08:15:21 [ZomBerryCmdAPI]: INFO: Added function RefuelAndRepair to category OnTarget
07.07.2024 08:15:21 [ZomBerryCmdAPI]: INFO: Added category ==
07.07.2024 08:15:21 [ZomBerryCmdAPI]: INFO: Added function KillTarget to category ==
07.07.2024 08:15:21 [ZomBerryCmdAPI]: INFO: Added function BiteTarget to category ==
07.07.2024 08:15:21 [ZomBerryCmdAPI]: INFO: Added function StripTarget to category ==
07.07.2024 08:15:21 [ZomBerryCmdAPI]: INFO: Added function RejectBellyTarget to category ==
07.07.2024 08:15:21 [ZomBerryCmdAPI]: INFO: Added function PsycoTarget to category ==
07.07.2024 08:15:21 [ZomBerryCmdAPI]: INFO: Added function SneezeTarget to category ==
07.07.2024 08:15:21 [ZomBerryCmdAPI]: INFO: Added function SetHealthTarget to category ==
07.07.2024 08:15:21 [ZomBerryCmdAPI]: INFO: Added function SetBloodTarget to category ==
07.07.2024 08:15:21 [ZomBerryCmdAPI]: INFO: Added category OnServer
07.07.2024 08:15:21 [ZomBerryCmdAPI]: INFO: Added function FreeCamAdm to category OnServer
07.07.2024 08:15:21 [ZomBerryCmdAPI]: INFO: Added function TimeDay to category OnServer
07.07.2024 08:15:21 [ZomBerryCmdAPI]: INFO: Added function TimeNight to category OnServer
07.07.2024 08:15:21 [ZomBerryCmdAPI]: INFO: Added function SetTime to category OnServer
07.07.2024 08:15:21 [ZomBerryCmdAPI]: INFO: Added function SetDate to category OnServer
07.07.2024 08:15:21 [ZomBerryCmdAPI]: INFO: Added function SetWeather to category OnServer
07.07.2024 08:15:21 [ZomBerryCmdAPI]: INFO: Added function DeleteObj to category OnServer
07.07.2024 08:15:21 [ZomBerryConfig]: INFO: Using admins.cfg from Profile directory
07.07.2024 08:15:21 [ZomBerryDbg]: Server ready, loading admin list from: $profile:ZomBerry\admins.cfg
07.07.2024 08:15:21 [ZomBerryConfig]: admins.cfg loaded
07.07.2024 08:15:21 [ZomBerryConfig]: Added admin: 76561197987495141
07.07.2024 08:15:21 [ZomBerryConfig]: Added admin: 76561198240053012
07.07.2024 19:06:18 [ZomBerryDbg]: Auth Request ignored (not an admin) rush (UkgmuCqVCYN8-HONdoPeCMT53y5oa8QMV3zB4U5IK9I=)
07.07.2024 19:54:45 [ZomBerryDbg]: Auth Request ignored (not an admin) rush (UkgmuCqVCYN8-HONdoPeCMT53y5oa8QMV3zB4U5IK9I=)
07.07.2024 21:27:33 [ZomBerryDbg]: Auth Request ignored (not an admin) rush (UkgmuCqVCYN8-HONdoPeCMT53y5oa8QMV3zB4U5IK9I=)
