---------------------------------------------
ZomBerry v0.6.4 log started at 08.07.2024 08:15:20

08.07.2024 08:15:20 [ZomBerryCmdAPI]: INFO: Added category OnTarget
08.07.2024 08:15:20 [ZomBerryCmdAPI]: INFO: Added function TPCur to category OnTarget
08.07.2024 08:15:20 [ZomBerryCmdAPI]: INFO: Added function TPForward to category OnTarget
08.07.2024 08:15:20 [ZomBerryCmdAPI]: INFO: Added function TPToTarget to category OnTarget
08.07.2024 08:15:20 [ZomBerryCmdAPI]: INFO: Added function TPToAdmin to category OnTarget
08.07.2024 08:15:20 [ZomBerryCmdAPI]: INFO: Added function HealTarget to category OnTarget
08.07.2024 08:15:20 [ZomBerryCmdAPI]: INFO: Added function HealTargetPart to category OnTarget
08.07.2024 08:15:20 [ZomBerryCmdAPI]: INFO: Added function GodTarget to category OnTarget
08.07.2024 08:15:20 [ZomBerryCmdAPI]: INFO: Added function RepairTargetHands to category OnTarget
08.07.2024 08:15:20 [ZomBerryCmdAPI]: INFO: Added function RefuelAndRepair to category OnTarget
08.07.2024 08:15:20 [ZomBerryCmdAPI]: INFO: Added category ==
08.07.2024 08:15:20 [ZomBerryCmdAPI]: INFO: Added function KillTarget to category ==
08.07.2024 08:15:20 [ZomBerryCmdAPI]: INFO: Added function BiteTarget to category ==
08.07.2024 08:15:20 [ZomBerryCmdAPI]: INFO: Added function StripTarget to category ==
08.07.2024 08:15:20 [ZomBerryCmdAPI]: INFO: Added function RejectBellyTarget to category ==
08.07.2024 08:15:20 [ZomBerryCmdAPI]: INFO: Added function PsycoTarget to category ==
08.07.2024 08:15:20 [ZomBerryCmdAPI]: INFO: Added function SneezeTarget to category ==
08.07.2024 08:15:20 [ZomBerryCmdAPI]: INFO: Added function SetHealthTarget to category ==
08.07.2024 08:15:20 [ZomBerryCmdAPI]: INFO: Added function SetBloodTarget to category ==
08.07.2024 08:15:20 [ZomBerryCmdAPI]: INFO: Added category OnServer
08.07.2024 08:15:20 [ZomBerryCmdAPI]: INFO: Added function FreeCamAdm to category OnServer
08.07.2024 08:15:20 [ZomBerryCmdAPI]: INFO: Added function TimeDay to category OnServer
08.07.2024 08:15:20 [ZomBerryCmdAPI]: INFO: Added function TimeNight to category OnServer
08.07.2024 08:15:20 [ZomBerryCmdAPI]: INFO: Added function SetTime to category OnServer
08.07.2024 08:15:20 [ZomBerryCmdAPI]: INFO: Added function SetDate to category OnServer
08.07.2024 08:15:20 [ZomBerryCmdAPI]: INFO: Added function SetWeather to category OnServer
08.07.2024 08:15:20 [ZomBerryCmdAPI]: INFO: Added function DeleteObj to category OnServer
08.07.2024 08:15:20 [ZomBerryConfig]: INFO: Using admins.cfg from Profile directory
08.07.2024 08:15:20 [ZomBerryDbg]: Server ready, loading admin list from: $profile:ZomBerry\admins.cfg
08.07.2024 08:15:20 [ZomBerryConfig]: admins.cfg loaded
08.07.2024 08:15:20 [ZomBerryConfig]: Added admin: 76561197987495141
08.07.2024 08:15:20 [ZomBerryConfig]: Added admin: 76561198240053012
08.07.2024 15:12:22 [ZomBerryDbg]: Auth Request ignored (not an admin) [ADMIN] GIZZMO (cYlAOJRjAl6_evik_1URbx4xITs4fp2HhJy-kGTZXvQ=)
08.07.2024 15:14:04 [ZomBerryDbg]: Auth Request ignored (not an admin) [BMB] Storm (_aTmelt1Qiqya2n3Osh69mBZe1Ut9DBgYkVtoKyvGms=)
08.07.2024 16:45:00 [ZomBerryDbg]: Auth Request ignored (not an admin) [BMB] Storm (_aTmelt1Qiqya2n3Osh69mBZe1Ut9DBgYkVtoKyvGms=)
08.07.2024 17:58:10 [ZomBerryDbg]: Auth Request ignored (not an admin) rush (UkgmuCqVCYN8-HONdoPeCMT53y5oa8QMV3zB4U5IK9I=)
08.07.2024 20:06:19 [ZomBerryDbg]: Auth Request ignored (not an admin) UA4lyfe (cbaCHT7Plleyjbldv1lDdUAZ-CwxKDTlkmqjVskfz70=)
08.07.2024 20:56:55 [ZomBerryDbg]: Auth Request ignored (not an admin) [BMB] Storm (_aTmelt1Qiqya2n3Osh69mBZe1Ut9DBgYkVtoKyvGms=)
08.07.2024 22:25:56 [ZomBerryDbg]: Auth Request ignored (not an admin) [BMB] Storm (_aTmelt1Qiqya2n3Osh69mBZe1Ut9DBgYkVtoKyvGms=)
