---------------------------------------------
ZomBerry v0.6.4 log started at 07.03.2024 23:45:29

07.03.2024 23:45:29 [ZomBerryCmdAPI]: INFO: Added category OnTarget
07.03.2024 23:45:29 [ZomBerryCmdAPI]: INFO: Added function TPCur to category OnTarget
07.03.2024 23:45:29 [ZomBerryCmdAPI]: INFO: Added function TPForward to category OnTarget
07.03.2024 23:45:29 [ZomBerryCmdAPI]: INFO: Added function TPToTarget to category OnTarget
07.03.2024 23:45:29 [ZomBerryCmdAPI]: INFO: Added function TPToAdmin to category OnTarget
07.03.2024 23:45:29 [ZomBerryCmdAPI]: INFO: Added function HealTarget to category OnTarget
07.03.2024 23:45:29 [ZomBerryCmdAPI]: INFO: Added function HealTargetPart to category OnTarget
07.03.2024 23:45:29 [ZomBerryCmdAPI]: INFO: Added function GodTarget to category OnTarget
07.03.2024 23:45:29 [ZomBerryCmdAPI]: INFO: Added function RepairTargetHands to category OnTarget
07.03.2024 23:45:29 [ZomBerryCmdAPI]: INFO: Added function RefuelAndRepair to category OnTarget
07.03.2024 23:45:29 [ZomBerryCmdAPI]: INFO: Added category ==
07.03.2024 23:45:29 [ZomBerryCmdAPI]: INFO: Added function KillTarget to category ==
07.03.2024 23:45:29 [ZomBerryCmdAPI]: INFO: Added function BiteTarget to category ==
07.03.2024 23:45:29 [ZomBerryCmdAPI]: INFO: Added function StripTarget to category ==
07.03.2024 23:45:29 [ZomBerryCmdAPI]: INFO: Added function RejectBellyTarget to category ==
07.03.2024 23:45:29 [ZomBerryCmdAPI]: INFO: Added function PsycoTarget to category ==
07.03.2024 23:45:29 [ZomBerryCmdAPI]: INFO: Added function SneezeTarget to category ==
07.03.2024 23:45:29 [ZomBerryCmdAPI]: INFO: Added function SetHealthTarget to category ==
07.03.2024 23:45:29 [ZomBerryCmdAPI]: INFO: Added function SetBloodTarget to category ==
07.03.2024 23:45:29 [ZomBerryCmdAPI]: INFO: Added category OnServer
07.03.2024 23:45:29 [ZomBerryCmdAPI]: INFO: Added function FreeCamAdm to category OnServer
07.03.2024 23:45:29 [ZomBerryCmdAPI]: INFO: Added function TimeDay to category OnServer
07.03.2024 23:45:29 [ZomBerryCmdAPI]: INFO: Added function TimeNight to category OnServer
07.03.2024 23:45:29 [ZomBerryCmdAPI]: INFO: Added function SetTime to category OnServer
07.03.2024 23:45:29 [ZomBerryCmdAPI]: INFO: Added function SetDate to category OnServer
07.03.2024 23:45:29 [ZomBerryCmdAPI]: INFO: Added function SetWeather to category OnServer
07.03.2024 23:45:29 [ZomBerryCmdAPI]: INFO: Added function DeleteObj to category OnServer
07.03.2024 23:45:29 [ZomBerryConfig]: INFO: Using admins.cfg from Profile directory
07.03.2024 23:45:29 [ZomBerryDbg]: Server ready, loading admin list from: $profile:ZomBerry\admins.cfg
07.03.2024 23:45:29 [ZomBerryConfig]: admins.cfg loaded
07.03.2024 23:45:29 [ZomBerryConfig]: Added admin: 76561197987495141
08.03.2024 00:24:44 [ZomBerryDbg]: Auth respond to admin SmashFlash (TMPUw286M0AtM7zftTaiVJDMpO1SaSg4wyVewyQbf-M=)
08.03.2024 00:25:35 [ZomBerryDbg]: Auth respond to admin SmashFlash (TMPUw286M0AtM7zftTaiVJDMpO1SaSg4wyVewyQbf-M=)
08.03.2024 00:39:46 [ZomBerryDbg]: SmashFlash (TMPUw286M0AtM7zftTaiVJDMpO1SaSg4wyVewyQbf-M=) - player list sync
08.03.2024 00:39:46 [ZomBerryDbg]: SmashFlash (TMPUw286M0AtM7zftTaiVJDMpO1SaSg4wyVewyQbf-M=) - function list sync
08.03.2024 00:40:13 [ZomBerryDbg]: SmashFlash (TMPUw286M0AtM7zftTaiVJDMpO1SaSg4wyVewyQbf-M=) - player list sync
08.03.2024 00:40:13 [ZomBerryDbg]: SmashFlash (TMPUw286M0AtM7zftTaiVJDMpO1SaSg4wyVewyQbf-M=) - function list sync
08.03.2024 00:40:23 [ZomBerryAdmin]: SmashFlash (TMPUw286M0AtM7zftTaiVJDMpO1SaSg4wyVewyQbf-M=) executed GodTarget
08.03.2024 00:40:30 [ZomBerryAdmin]: SmashFlash (TMPUw286M0AtM7zftTaiVJDMpO1SaSg4wyVewyQbf-M=) executed GodTarget
08.03.2024 00:40:33 [ZomBerryAdmin]: SmashFlash (TMPUw286M0AtM7zftTaiVJDMpO1SaSg4wyVewyQbf-M=) executed GodTarget
08.03.2024 00:42:00 [ZomBerryDbg]: SmashFlash (TMPUw286M0AtM7zftTaiVJDMpO1SaSg4wyVewyQbf-M=) - player list sync
08.03.2024 00:42:00 [ZomBerryDbg]: SmashFlash (TMPUw286M0AtM7zftTaiVJDMpO1SaSg4wyVewyQbf-M=) - function list sync
08.03.2024 00:42:03 [ZomBerryAdmin]: SmashFlash (TMPUw286M0AtM7zftTaiVJDMpO1SaSg4wyVewyQbf-M=) executed TimeDay
08.03.2024 00:42:18 [ZomBerryDbg]: SmashFlash (TMPUw286M0AtM7zftTaiVJDMpO1SaSg4wyVewyQbf-M=) - player list sync
08.03.2024 00:42:18 [ZomBerryDbg]: SmashFlash (TMPUw286M0AtM7zftTaiVJDMpO1SaSg4wyVewyQbf-M=) - function list sync
08.03.2024 00:46:26 [ZomBerryDbg]: SmashFlash (TMPUw286M0AtM7zftTaiVJDMpO1SaSg4wyVewyQbf-M=) - player list sync
08.03.2024 00:46:26 [ZomBerryDbg]: SmashFlash (TMPUw286M0AtM7zftTaiVJDMpO1SaSg4wyVewyQbf-M=) - function list sync
08.03.2024 00:46:38 [ZomBerryAdmin]: SmashFlash (TMPUw286M0AtM7zftTaiVJDMpO1SaSg4wyVewyQbf-M=) executed GodTarget
08.03.2024 01:08:23 [ZomBerryDbg]: Auth respond to admin SmashFlash (TMPUw286M0AtM7zftTaiVJDMpO1SaSg4wyVewyQbf-M=)
08.03.2024 01:08:54 [ZomBerryDbg]: Auth respond to admin SmashFlash (TMPUw286M0AtM7zftTaiVJDMpO1SaSg4wyVewyQbf-M=)
08.03.2024 01:09:33 [ZomBerryDbg]: SmashFlash (TMPUw286M0AtM7zftTaiVJDMpO1SaSg4wyVewyQbf-M=) - player list sync
08.03.2024 01:09:33 [ZomBerryDbg]: SmashFlash (TMPUw286M0AtM7zftTaiVJDMpO1SaSg4wyVewyQbf-M=) - function list sync
