---------------------------------------------
ZomBerry v0.6.4 log started at 05.07.2024 08:15:23

05.07.2024 08:15:23 [ZomBerryCmdAPI]: INFO: Added category OnTarget
05.07.2024 08:15:23 [ZomBerryCmdAPI]: INFO: Added function TPCur to category OnTarget
05.07.2024 08:15:23 [ZomBerryCmdAPI]: INFO: Added function TPForward to category OnTarget
05.07.2024 08:15:23 [ZomBerryCmdAPI]: INFO: Added function TPToTarget to category OnTarget
05.07.2024 08:15:23 [ZomBerryCmdAPI]: INFO: Added function TPToAdmin to category OnTarget
05.07.2024 08:15:23 [ZomBerryCmdAPI]: INFO: Added function HealTarget to category OnTarget
05.07.2024 08:15:23 [ZomBerryCmdAPI]: INFO: Added function HealTargetPart to category OnTarget
05.07.2024 08:15:23 [ZomBerryCmdAPI]: INFO: Added function GodTarget to category OnTarget
05.07.2024 08:15:23 [ZomBerryCmdAPI]: INFO: Added function RepairTargetHands to category OnTarget
05.07.2024 08:15:23 [ZomBerryCmdAPI]: INFO: Added function RefuelAndRepair to category OnTarget
05.07.2024 08:15:23 [ZomBerryCmdAPI]: INFO: Added category ==
05.07.2024 08:15:23 [ZomBerryCmdAPI]: INFO: Added function KillTarget to category ==
05.07.2024 08:15:23 [ZomBerryCmdAPI]: INFO: Added function BiteTarget to category ==
05.07.2024 08:15:23 [ZomBerryCmdAPI]: INFO: Added function StripTarget to category ==
05.07.2024 08:15:23 [ZomBerryCmdAPI]: INFO: Added function RejectBellyTarget to category ==
05.07.2024 08:15:23 [ZomBerryCmdAPI]: INFO: Added function PsycoTarget to category ==
05.07.2024 08:15:23 [ZomBerryCmdAPI]: INFO: Added function SneezeTarget to category ==
05.07.2024 08:15:23 [ZomBerryCmdAPI]: INFO: Added function SetHealthTarget to category ==
05.07.2024 08:15:23 [ZomBerryCmdAPI]: INFO: Added function SetBloodTarget to category ==
05.07.2024 08:15:23 [ZomBerryCmdAPI]: INFO: Added category OnServer
05.07.2024 08:15:23 [ZomBerryCmdAPI]: INFO: Added function FreeCamAdm to category OnServer
05.07.2024 08:15:23 [ZomBerryCmdAPI]: INFO: Added function TimeDay to category OnServer
05.07.2024 08:15:23 [ZomBerryCmdAPI]: INFO: Added function TimeNight to category OnServer
05.07.2024 08:15:23 [ZomBerryCmdAPI]: INFO: Added function SetTime to category OnServer
05.07.2024 08:15:23 [ZomBerryCmdAPI]: INFO: Added function SetDate to category OnServer
05.07.2024 08:15:23 [ZomBerryCmdAPI]: INFO: Added function SetWeather to category OnServer
05.07.2024 08:15:23 [ZomBerryCmdAPI]: INFO: Added function DeleteObj to category OnServer
05.07.2024 08:15:23 [ZomBerryConfig]: INFO: Using admins.cfg from Profile directory
05.07.2024 08:15:23 [ZomBerryDbg]: Server ready, loading admin list from: $profile:ZomBerry\admins.cfg
05.07.2024 08:15:23 [ZomBerryConfig]: admins.cfg loaded
05.07.2024 08:15:23 [ZomBerryConfig]: Added admin: 76561197987495141
05.07.2024 08:15:23 [ZomBerryConfig]: Added admin: 76561198240053012
05.07.2024 19:48:16 [ZomBerryDbg]: Auth Request ignored (not an admin) UA4lyfe (cbaCHT7Plleyjbldv1lDdUAZ-CwxKDTlkmqjVskfz70=)
05.07.2024 21:24:59 [ZomBerryDbg]: Auth Request ignored (not an admin) UA4lyfe (cbaCHT7Plleyjbldv1lDdUAZ-CwxKDTlkmqjVskfz70=)
