---------------------------------------------
ZomBerry v0.6.4 log started at 08.03.2024 01:46:35

08.03.2024 01:46:35 [ZomBerryCmdAPI]: INFO: Added category OnTarget
08.03.2024 01:46:35 [ZomBerryCmdAPI]: INFO: Added function TPCur to category OnTarget
08.03.2024 01:46:35 [ZomBerryCmdAPI]: INFO: Added function TPForward to category OnTarget
08.03.2024 01:46:35 [ZomBerryCmdAPI]: INFO: Added function TPToTarget to category OnTarget
08.03.2024 01:46:35 [ZomBerryCmdAPI]: INFO: Added function TPToAdmin to category OnTarget
08.03.2024 01:46:35 [ZomBerryCmdAPI]: INFO: Added function HealTarget to category OnTarget
08.03.2024 01:46:35 [ZomBerryCmdAPI]: INFO: Added function HealTargetPart to category OnTarget
08.03.2024 01:46:35 [ZomBerryCmdAPI]: INFO: Added function GodTarget to category OnTarget
08.03.2024 01:46:35 [ZomBerryCmdAPI]: INFO: Added function RepairTargetHands to category OnTarget
08.03.2024 01:46:35 [ZomBerryCmdAPI]: INFO: Added function RefuelAndRepair to category OnTarget
08.03.2024 01:46:35 [ZomBerryCmdAPI]: INFO: Added category ==
08.03.2024 01:46:35 [ZomBerryCmdAPI]: INFO: Added function KillTarget to category ==
08.03.2024 01:46:35 [ZomBerryCmdAPI]: INFO: Added function BiteTarget to category ==
08.03.2024 01:46:35 [ZomBerryCmdAPI]: INFO: Added function StripTarget to category ==
08.03.2024 01:46:35 [ZomBerryCmdAPI]: INFO: Added function RejectBellyTarget to category ==
08.03.2024 01:46:35 [ZomBerryCmdAPI]: INFO: Added function PsycoTarget to category ==
08.03.2024 01:46:35 [ZomBerryCmdAPI]: INFO: Added function SneezeTarget to category ==
08.03.2024 01:46:35 [ZomBerryCmdAPI]: INFO: Added function SetHealthTarget to category ==
08.03.2024 01:46:35 [ZomBerryCmdAPI]: INFO: Added function SetBloodTarget to category ==
08.03.2024 01:46:35 [ZomBerryCmdAPI]: INFO: Added category OnServer
08.03.2024 01:46:35 [ZomBerryCmdAPI]: INFO: Added function FreeCamAdm to category OnServer
08.03.2024 01:46:35 [ZomBerryCmdAPI]: INFO: Added function TimeDay to category OnServer
08.03.2024 01:46:35 [ZomBerryCmdAPI]: INFO: Added function TimeNight to category OnServer
08.03.2024 01:46:35 [ZomBerryCmdAPI]: INFO: Added function SetTime to category OnServer
08.03.2024 01:46:35 [ZomBerryCmdAPI]: INFO: Added function SetDate to category OnServer
08.03.2024 01:46:35 [ZomBerryCmdAPI]: INFO: Added function SetWeather to category OnServer
08.03.2024 01:46:35 [ZomBerryCmdAPI]: INFO: Added function DeleteObj to category OnServer
08.03.2024 01:46:35 [ZomBerryConfig]: INFO: Using admins.cfg from Profile directory
08.03.2024 01:46:35 [ZomBerryDbg]: Server ready, loading admin list from: $profile:ZomBerry\admins.cfg
08.03.2024 01:46:35 [ZomBerryConfig]: admins.cfg loaded
08.03.2024 01:46:35 [ZomBerryConfig]: Added admin: 76561197987495141
08.03.2024 01:48:17 [ZomBerryDbg]: Auth respond to admin SmashFlash (TMPUw286M0AtM7zftTaiVJDMpO1SaSg4wyVewyQbf-M=)
08.03.2024 02:01:04 [ZomBerryDbg]: SmashFlash (TMPUw286M0AtM7zftTaiVJDMpO1SaSg4wyVewyQbf-M=) - player list sync
08.03.2024 02:01:04 [ZomBerryDbg]: SmashFlash (TMPUw286M0AtM7zftTaiVJDMpO1SaSg4wyVewyQbf-M=) - function list sync
08.03.2024 02:01:07 [ZomBerryAdmin]: SmashFlash (TMPUw286M0AtM7zftTaiVJDMpO1SaSg4wyVewyQbf-M=) executed TimeDay
